SF:/home/raman/Bweather/packages/logger_wrapper/lib/src/di/di.dart
DA:5,6
DA:7,2
DA:9,4
LF:3
LH:3
end_of_record
SF:/home/raman/Bweather/packages/logger_wrapper/lib/src/logger_wrapper.dart
DA:8,1
DA:9,1
DA:14,1
DA:16,1
DA:17,1
DA:20,2
DA:23,1
DA:24,2
DA:26,3
DA:27,7
LF:10
LH:10
end_of_record
SF:/home/raman/Bweather/packages/logger_wrapper/lib/src/di/di.config.dart
DA:17,2
DA:21,2
DA:26,2
DA:27,6
LF:4
LH:4
end_of_record
SF:/home/raman/Bweather/packages/logger_wrapper/lib/src/module/logger_module.dart
DA:6,2
DA:8,2
DA:9,2
LF:3
LH:3
end_of_record
